<?xml version="1.0" encoding="UTF-8"?>
<!-- Generated by org.testng.reporters.JUnitXMLReporter -->
<testsuite hostname="DreamWorks" ignored="0" name="Command line test" tests="5" failures="0" timestamp="09 May 2019 18:15:27 GMT" time="294.75" errors="0">
  <testcase name="Basic_Test_001" time="16.032" classname="com.expedia.TestClasses.FlightsSearchTest"/>
  <testcase name="Basic_Test_002" time="45.144" classname="com.expedia.TestClasses.FlightsSearchTest"/>
  <testcase name="Basic_Test_002" time="15.629" classname="com.expedia.TestClasses.FlightsSearchTest"/>
  <testcase name="Basic_Test_002" time="15.576" classname="com.expedia.TestClasses.FlightsSearchTest"/>
  <testcase name="Basic_Test_002" time="11.998" classname="com.expedia.TestClasses.FlightsSearchTest"/>
</testsuite> <!-- Command line test -->
