<?xml version="1.0" encoding="UTF-8"?>
<!-- Generated by org.testng.reporters.JUnitXMLReporter -->
<testsuite hostname="DreamWorks" ignored="0" name="Command line test" tests="5" failures="0" timestamp="05 May 2019 16:21:37 GMT" time="329.737" errors="0">
  <testcase name="Basic_Test_001" time="16.033" classname="com.expedia.TestClasses.FlightsSearchTest"/>
  <testcase name="Basic_Test_002" time="16.119" classname="com.expedia.TestClasses.FlightsSearchTest"/>
  <testcase name="Basic_Test_002" time="11.833" classname="com.expedia.TestClasses.FlightsSearchTest"/>
  <testcase name="Basic_Test_002" time="19.868" classname="com.expedia.TestClasses.FlightsSearchTest"/>
  <testcase name="Basic_Test_002" time="47.372" classname="com.expedia.TestClasses.FlightsSearchTest"/>
</testsuite> <!-- Command line test -->
