<?xml version="1.0" encoding="UTF-8"?>
<testng-results skipped="0" failed="0" ignored="1" total="2" passed="1">
  <reporter-output>
  </reporter-output>
  <suite name="COM.EXPEDIA" duration-ms="34553" started-at="2019-05-09T18:17:52Z" finished-at="2019-05-09T18:18:26Z">
    <groups>
    </groups>
    <test name="FlightsTest" duration-ms="34553" started-at="2019-05-09T18:17:52Z" finished-at="2019-05-09T18:18:26Z">
      <class name="com.expedia.TestClasses.FlightsSearchTest">
        <test-method status="PASS" signature="beforeTest()[pri:0, instance:com.expedia.TestClasses.FlightsSearchTest@3f197a46]" name="beforeTest" is-config="true" duration-ms="229" started-at="2019-05-09T18:17:52Z" finished-at="2019-05-09T18:17:52Z">
          <reporter-output>
          </reporter-output>
        </test-method> <!-- beforeTest -->
        <test-method status="PASS" signature="setUp()[pri:0, instance:com.expedia.TestClasses.FlightsSearchTest@3f197a46]" name="setUp" is-config="true" duration-ms="17811" started-at="2019-05-09T18:17:52Z" finished-at="2019-05-09T18:18:10Z">
          <reporter-output>
          </reporter-output>
        </test-method> <!-- setUp -->
        <test-method status="PASS" signature="Basic_Test_001()[pri:0, instance:com.expedia.TestClasses.FlightsSearchTest@3f197a46]" name="Basic_Test_001" duration-ms="15433" started-at="2019-05-09T18:18:10Z" finished-at="2019-05-09T18:18:25Z">
          <reporter-output>
          </reporter-output>
        </test-method> <!-- Basic_Test_001 -->
        <test-method status="PASS" signature="tearDown(org.testng.ITestResult)[pri:0, instance:com.expedia.TestClasses.FlightsSearchTest@3f197a46]" name="tearDown" is-config="true" duration-ms="1056" started-at="2019-05-09T18:18:25Z" finished-at="2019-05-09T18:18:26Z">
          <params>
            <param index="0">
              <value>
                <![CDATA[[TestResult name=Basic_Test_001 status=SUCCESS method=FlightsSearchTest.Basic_Test_001()[pri:0, instance:com.expedia.TestClasses.FlightsSearchTest@3f197a46] output={null}]]]>
              </value>
            </param>
          </params>
          <reporter-output>
          </reporter-output>
        </test-method> <!-- tearDown -->
      </class> <!-- com.expedia.TestClasses.FlightsSearchTest -->
    </test> <!-- FlightsTest -->
  </suite> <!-- COM.EXPEDIA -->
</testng-results>
