<?xml version="1.0" encoding="UTF-8"?>
<testsuite name="TestSuite" time="13.05" tests="4" errors="0" skipped="0" failures="1">
  <properties>
[...]
</properties>
  <testcase name="Basic_Test_001" classname="com.expedia.TestClasses.FlightsSearchTest" time="6.156">
    <failure message="expected [true] but found [false]" type="java.lang.AssertionError">java.lang.AssertionError: expected [true] but found [false]
	at org.testng.Assert.fail(Assert.java:96)
	at org.testng.Assert.failNotEquals(Assert.java:776)
	at org.testng.Assert.assertTrue(Assert.java:44)
	at org.testng.Assert.assertTrue(Assert.java:54)
	at com.expedia.TestClasses.FlightsSearchTest.Basic_Test_001(FlightsSearchTest.java:42)
</failure>
    <system-err><![CDATA[Starting ChromeDriver 71.0.3578.137 (86ee722808adfe9e3c92e6e8ea746ade08423c7e) on port 40354
Only local connections are allowed.
Please protect ports used by ChromeDriver and related test frameworks to prevent access by malicious code.
Dec 08, 2019 5:29:54 PM org.openqa.selenium.remote.ProtocolHandshake createSession
INFO: Detected dialect: OSS
]]></system-err>
  </testcase>
  <testcase name="Basic_Test_002" classname="com.expedia.TestClasses.FlightsSearchTest" time="6.894"/>
  <testcase name="Basic_Test_002" classname="com.expedia.TestClasses.FlightsSearchTest" time="9.498"/>
  <testcase name="Basic_Test_002" classname="com.expedia.TestClasses.FlightsSearchTest" time="7.919"/>
</testsuite>