<?xml version="1.0" encoding="UTF-8"?>
<testng-results skipped="0" failed="0" ignored="0" total="5" passed="5">
  <reporter-output>
  </reporter-output>
  <suite name="COM.EXPEDIA" duration-ms="104731" started-at="2020-01-01T08:38:17Z" finished-at="2020-01-01T08:40:01Z">
    <groups>
    </groups>
    <test name="FlightsTest" duration-ms="104731" started-at="2020-01-01T08:38:17Z" finished-at="2020-01-01T08:40:01Z">
      <class name="com.expedia.TestClasses.FlightsSearchTest">
        <test-method status="PASS" signature="beforeTest()[pri:0, instance:com.expedia.TestClasses.FlightsSearchTest@368f2016]" name="beforeTest" is-config="true" duration-ms="17" started-at="2020-01-01T08:38:17Z" finished-at="2020-01-01T08:38:17Z">
          <reporter-output>
          </reporter-output>
        </test-method> <!-- beforeTest -->
        <test-method status="PASS" signature="setUp()[pri:0, instance:com.expedia.TestClasses.FlightsSearchTest@368f2016]" name="setUp" is-config="true" duration-ms="12040" started-at="2020-01-01T08:38:17Z" finished-at="2020-01-01T08:38:29Z">
          <reporter-output>
          </reporter-output>
        </test-method> <!-- setUp -->
        <test-method status="PASS" signature="Basic_Test_001()[pri:0, instance:com.expedia.TestClasses.FlightsSearchTest@368f2016]" name="Basic_Test_001" duration-ms="7592" started-at="2020-01-01T08:38:29Z" finished-at="2020-01-01T08:38:36Z">
          <reporter-output>
          </reporter-output>
        </test-method> <!-- Basic_Test_001 -->
        <test-method status="PASS" signature="tearDown(org.testng.ITestResult)[pri:0, instance:com.expedia.TestClasses.FlightsSearchTest@368f2016]" name="tearDown" is-config="true" duration-ms="340" started-at="2020-01-01T08:38:37Z" finished-at="2020-01-01T08:38:37Z">
          <params>
            <param index="0">
              <value>
                <![CDATA[[TestResult name=Basic_Test_001 status=SUCCESS method=FlightsSearchTest.Basic_Test_001()[pri:0, instance:com.expedia.TestClasses.FlightsSearchTest@368f2016] output={null}]]]>
              </value>
            </param>
          </params>
          <reporter-output>
          </reporter-output>
        </test-method> <!-- tearDown -->
        <test-method status="PASS" signature="setUp()[pri:0, instance:com.expedia.TestClasses.FlightsSearchTest@368f2016]" name="setUp" is-config="true" duration-ms="10215" started-at="2020-01-01T08:38:39Z" finished-at="2020-01-01T08:38:49Z">
          <reporter-output>
          </reporter-output>
        </test-method> <!-- setUp -->
        <test-method status="PASS" signature="Basic_Test_002(java.lang.String, java.lang.String, java.lang.String, java.lang.String)[pri:0, instance:com.expedia.TestClasses.FlightsSearchTest@368f2016]" name="Basic_Test_002" duration-ms="8230" started-at="2020-01-01T08:38:49Z" data-provider="Cities" finished-at="2020-01-01T08:38:57Z">
          <params>
            <param index="0">
              <value>
                <![CDATA[Hyderabad]]>
              </value>
            </param>
            <param index="1">
              <value>
                <![CDATA[Bangalore]]>
              </value>
            </param>
            <param index="2">
              <value>
                <![CDATA[1/1/20]]>
              </value>
            </param>
            <param index="3">
              <value>
                <![CDATA[11/1/20]]>
              </value>
            </param>
          </params>
          <reporter-output>
          </reporter-output>
        </test-method> <!-- Basic_Test_002 -->
        <test-method status="PASS" signature="tearDown(org.testng.ITestResult)[pri:0, instance:com.expedia.TestClasses.FlightsSearchTest@368f2016]" name="tearDown" is-config="true" duration-ms="2134" started-at="2020-01-01T08:38:57Z" finished-at="2020-01-01T08:38:59Z">
          <params>
            <param index="0">
              <value>
                <![CDATA[[TestResult name=Basic_Test_002 status=SUCCESS method=FlightsSearchTest.Basic_Test_002(java.lang.String, java.lang.String, java.lang.String, java.lang.String)[pri:0, instance:com.expedia.TestClasses.FlightsSearchTest@368f2016] output={null}]]]>
              </value>
            </param>
          </params>
          <reporter-output>
          </reporter-output>
        </test-method> <!-- tearDown -->
        <test-method status="PASS" signature="setUp()[pri:0, instance:com.expedia.TestClasses.FlightsSearchTest@368f2016]" name="setUp" is-config="true" duration-ms="9936" started-at="2020-01-01T08:38:59Z" finished-at="2020-01-01T08:39:09Z">
          <reporter-output>
          </reporter-output>
        </test-method> <!-- setUp -->
        <test-method status="PASS" signature="Basic_Test_002(java.lang.String, java.lang.String, java.lang.String, java.lang.String)[pri:0, instance:com.expedia.TestClasses.FlightsSearchTest@368f2016]" name="Basic_Test_002" duration-ms="7900" started-at="2020-01-01T08:39:09Z" data-provider="Cities" finished-at="2020-01-01T08:39:17Z">
          <params>
            <param index="0">
              <value>
                <![CDATA[Bangalore]]>
              </value>
            </param>
            <param index="1">
              <value>
                <![CDATA[Hyderabad]]>
              </value>
            </param>
            <param index="2">
              <value>
                <![CDATA[20/01/2020]]>
              </value>
            </param>
            <param index="3">
              <value>
                <![CDATA[11/2/20]]>
              </value>
            </param>
          </params>
          <reporter-output>
          </reporter-output>
        </test-method> <!-- Basic_Test_002 -->
        <test-method status="PASS" signature="tearDown(org.testng.ITestResult)[pri:0, instance:com.expedia.TestClasses.FlightsSearchTest@368f2016]" name="tearDown" is-config="true" duration-ms="2123" started-at="2020-01-01T08:39:17Z" finished-at="2020-01-01T08:39:19Z">
          <params>
            <param index="0">
              <value>
                <![CDATA[[TestResult name=Basic_Test_002 status=SUCCESS method=FlightsSearchTest.Basic_Test_002(java.lang.String, java.lang.String, java.lang.String, java.lang.String)[pri:0, instance:com.expedia.TestClasses.FlightsSearchTest@368f2016] output={null}]]]>
              </value>
            </param>
          </params>
          <reporter-output>
          </reporter-output>
        </test-method> <!-- tearDown -->
        <test-method status="PASS" signature="setUp()[pri:0, instance:com.expedia.TestClasses.FlightsSearchTest@368f2016]" name="setUp" is-config="true" duration-ms="10580" started-at="2020-01-01T08:39:19Z" finished-at="2020-01-01T08:39:30Z">
          <reporter-output>
          </reporter-output>
        </test-method> <!-- setUp -->
        <test-method status="PASS" signature="Basic_Test_002(java.lang.String, java.lang.String, java.lang.String, java.lang.String)[pri:0, instance:com.expedia.TestClasses.FlightsSearchTest@368f2016]" name="Basic_Test_002" duration-ms="8522" started-at="2020-01-01T08:39:30Z" data-provider="Cities" finished-at="2020-01-01T08:39:38Z">
          <params>
            <param index="0">
              <value>
                <![CDATA[New Delhi]]>
              </value>
            </param>
            <param index="1">
              <value>
                <![CDATA[Bangalore]]>
              </value>
            </param>
            <param index="2">
              <value>
                <![CDATA[1/1/20]]>
              </value>
            </param>
            <param index="3">
              <value>
                <![CDATA[11/1/20]]>
              </value>
            </param>
          </params>
          <reporter-output>
          </reporter-output>
        </test-method> <!-- Basic_Test_002 -->
        <test-method status="PASS" signature="tearDown(org.testng.ITestResult)[pri:0, instance:com.expedia.TestClasses.FlightsSearchTest@368f2016]" name="tearDown" is-config="true" duration-ms="2094" started-at="2020-01-01T08:39:38Z" finished-at="2020-01-01T08:39:41Z">
          <params>
            <param index="0">
              <value>
                <![CDATA[[TestResult name=Basic_Test_002 status=SUCCESS method=FlightsSearchTest.Basic_Test_002(java.lang.String, java.lang.String, java.lang.String, java.lang.String)[pri:0, instance:com.expedia.TestClasses.FlightsSearchTest@368f2016] output={null}]]]>
              </value>
            </param>
          </params>
          <reporter-output>
          </reporter-output>
        </test-method> <!-- tearDown -->
        <test-method status="PASS" signature="setUp()[pri:0, instance:com.expedia.TestClasses.FlightsSearchTest@368f2016]" name="setUp" is-config="true" duration-ms="10338" started-at="2020-01-01T08:39:41Z" finished-at="2020-01-01T08:39:51Z">
          <reporter-output>
          </reporter-output>
        </test-method> <!-- setUp -->
        <test-method status="PASS" signature="Basic_Test_002(java.lang.String, java.lang.String, java.lang.String, java.lang.String)[pri:0, instance:com.expedia.TestClasses.FlightsSearchTest@368f2016]" name="Basic_Test_002" duration-ms="8246" started-at="2020-01-01T08:39:51Z" data-provider="Cities" finished-at="2020-01-01T08:39:59Z">
          <params>
            <param index="0">
              <value>
                <![CDATA[Bangalore]]>
              </value>
            </param>
            <param index="1">
              <value>
                <![CDATA[New Delhi]]>
              </value>
            </param>
            <param index="2">
              <value>
                <![CDATA[20/01/2020]]>
              </value>
            </param>
            <param index="3">
              <value>
                <![CDATA[11/2/20]]>
              </value>
            </param>
          </params>
          <reporter-output>
          </reporter-output>
        </test-method> <!-- Basic_Test_002 -->
        <test-method status="PASS" signature="tearDown(org.testng.ITestResult)[pri:0, instance:com.expedia.TestClasses.FlightsSearchTest@368f2016]" name="tearDown" is-config="true" duration-ms="2098" started-at="2020-01-01T08:39:59Z" finished-at="2020-01-01T08:40:01Z">
          <params>
            <param index="0">
              <value>
                <![CDATA[[TestResult name=Basic_Test_002 status=SUCCESS method=FlightsSearchTest.Basic_Test_002(java.lang.String, java.lang.String, java.lang.String, java.lang.String)[pri:0, instance:com.expedia.TestClasses.FlightsSearchTest@368f2016] output={null}]]]>
              </value>
            </param>
          </params>
          <reporter-output>
          </reporter-output>
        </test-method> <!-- tearDown -->
      </class> <!-- com.expedia.TestClasses.FlightsSearchTest -->
    </test> <!-- FlightsTest -->
  </suite> <!-- COM.EXPEDIA -->
</testng-results>
