<?xml version="1.0" encoding="UTF-8"?>
<!-- Generated by org.testng.reporters.JUnitXMLReporter -->
<testsuite hostname="GEPPARLA-IN" ignored="0" name="FlightsTest" tests="5" failures="0" timestamp="08 Dec 2019 12:19:46 GMT" time="88.747" errors="0">
  <testcase name="Basic_Test_001" time="7.707" classname="com.expedia.TestClasses.FlightsSearchTest"/>
  <testcase name="Basic_Test_002" time="6.773" classname="com.expedia.TestClasses.FlightsSearchTest"/>
  <testcase name="Basic_Test_002" time="7.014" classname="com.expedia.TestClasses.FlightsSearchTest"/>
  <testcase name="Basic_Test_002" time="7.927" classname="com.expedia.TestClasses.FlightsSearchTest"/>
  <testcase name="Basic_Test_002" time="7.133" classname="com.expedia.TestClasses.FlightsSearchTest"/>
</testsuite> <!-- FlightsTest -->
